<?xml version="1.0" encoding="UTF-8"?>
<!-- Generated by org.testng.reporters.JUnitReportReporter -->
<testsuite hostname="MSI" failures="0" tests="1" name="com.entrata.testcases.Verify_Navigation_UI_SummitPage" time="9.997" errors="0" timestamp="2024-09-23T17:26:32 IST" skipped="0">
  <testcase classname="com.entrata.testcases.Verify_Navigation_UI_SummitPage" name="summitPageValidatiom" time="9.997"/>
</testsuite> <!-- com.entrata.testcases.Verify_Navigation_UI_SummitPage -->
