<?xml version="1.0" encoding="UTF-8"?>
<!-- Generated by org.testng.reporters.JUnitReportReporter -->
<testsuite hostname="MSI" failures="0" tests="1" name="com.entrata.testcases.SummitPageTest" time="10.084" errors="0" timestamp="2024-09-23T14:16:26 IST" skipped="0">
  <testcase classname="com.entrata.testcases.SummitPageTest" name="summitPageValidatiom" time="10.084"/>
</testsuite> <!-- com.entrata.testcases.SummitPageTest -->
