<?xml version="1.0" encoding="UTF-8"?>
<!-- Generated by org.testng.reporters.JUnitReportReporter -->
<testsuite hostname="MSI" failures="0" tests="1" name="com.entrata.testcases.Validate_FieldError_RegistrationPage" time="18.369" errors="0" timestamp="2024-09-23T16:03:28 IST" skipped="0">
  <testcase classname="com.entrata.testcases.Validate_FieldError_RegistrationPage" name="errorRegistrationValidatiom" time="18.369"/>
</testsuite> <!-- com.entrata.testcases.Validate_FieldError_RegistrationPage -->
