<?xml version="1.0" encoding="UTF-8"?>
<!-- Generated by org.testng.reporters.JUnitReportReporter -->
<testsuite hostname="MSI" failures="0" tests="1" name="com.entrata.testcases.ValidateUI_EnterField_RegistrationPage" time="15.220" errors="0" timestamp="2024-09-23T14:16:52 IST" skipped="0">
  <testcase classname="com.entrata.testcases.ValidateUI_EnterField_RegistrationPage" name="summitPageValidatiom" time="15.220"/>
</testsuite> <!-- com.entrata.testcases.ValidateUI_EnterField_RegistrationPage -->
