<?xml version="1.0" encoding="UTF-8"?>
<!-- Generated by org.testng.reporters.JUnitReportReporter -->
<testsuite hostname="MSI" failures="0" tests="2" name="com.entrata.testcases.HomePageTest" time="11.838" errors="0" timestamp="2024-09-23T14:15:34 IST" skipped="0">
  <testcase classname="com.entrata.testcases.HomePageTest" name="homenPageTitleTest" time="6.441"/>
  <testcase classname="com.entrata.testcases.HomePageTest" name="validateUi_HomePage" time="5.397"/>
</testsuite> <!-- com.entrata.testcases.HomePageTest -->
